<?xml version="1.0" encoding="UTF-8"?>
<testsuite xmlns:xsi="http://www.w3.org/2001/XMLSchema-instance" xsi:noNamespaceSchemaLocation="https://maven.apache.org/surefire/maven-surefire-plugin/xsd/surefire-test-report.xsd" version="3.0.2" name="com.example.itj_shopping_cart.unit.ShoppingCartCalculatorTests" time="0.054" tests="7" errors="0" skipped="0" failures="0">
  <properties>
[...]
</properties>
  <testcase name="getSubtotal_whenGreaterThan200_ReturnSubtotalWith10PercentDiscount" classname="com.example.itj_shopping_cart.unit.ShoppingCartCalculatorTests" time="0.034"/>
  <testcase name="getSubtotal_whenSummerAndGreaterThan500_ReturnSubtotalWith50PercentDiscount" classname="com.example.itj_shopping_cart.unit.ShoppingCartCalculatorTests" time="0.001"/>
  <testcase name="getSubtotal_whenGreaterThan300_ReturnSubtotalWith20PercentDiscount" classname="com.example.itj_shopping_cart.unit.ShoppingCartCalculatorTests" time="0.0"/>
  <testcase name="getSubtotal_whenAddingTwoItems_ReturnsSubtotal" classname="com.example.itj_shopping_cart.unit.ShoppingCartCalculatorTests" time="0.0"/>
  <testcase name="getSubtotal_whenWinter_ReturnSubtotalWith30PercentDiscount" classname="com.example.itj_shopping_cart.unit.ShoppingCartCalculatorTests" time="0.001"/>
  <testcase name="createShoppingCart_whenCalculatingSubtotal_ReturnsZero" classname="com.example.itj_shopping_cart.unit.ShoppingCartCalculatorTests" time="0.001"/>
  <testcase name="getSubtotal_whenCreatingShoppingCart_ReturnsSubtotal" classname="com.example.itj_shopping_cart.unit.ShoppingCartCalculatorTests" time="0.001"/>
</testsuite>